<?xml version="1.0" encoding="UTF-8"?>
<testsuite xmlns:xsi="http://www.w3.org/2001/XMLSchema-instance" xsi:noNamespaceSchemaLocation="https://maven.apache.org/surefire/maven-surefire-plugin/xsd/surefire-test-report.xsd" name="com.example.webfluxTut.WebfluxTutApplicationTests" time="7.652" tests="1" errors="0" skipped="0" failures="0">
  <properties>
    <property name="http.proxyHost" value="airtelproxy.airtel.com"/>
    <property name="java.specification.version" value="20"/>
    <property name="sun.jnu.encoding" value="UTF-8"/>
    <property name="java.class.path" value="/Users/b0211000/Desktop/SpringWebFluxTut/webfluxTut/target/test-classes:/Users/b0211000/Desktop/SpringWebFluxTut/webfluxTut/target/classes:/Users/b0211000/.m2/repository/org/springframework/boot/spring-boot-starter-data-mongodb-reactive/2.7.15/spring-boot-starter-data-mongodb-reactive-2.7.15.jar:/Users/b0211000/.m2/repository/org/springframework/boot/spring-boot-starter/2.7.15/spring-boot-starter-2.7.15.jar:/Users/b0211000/.m2/repository/org/springframework/boot/spring-boot/2.7.15/spring-boot-2.7.15.jar:/Users/b0211000/.m2/repository/org/springframework/boot/spring-boot-autoconfigure/2.7.15/spring-boot-autoconfigure-2.7.15.jar:/Users/b0211000/.m2/repository/org/springframework/boot/spring-boot-starter-logging/2.7.15/spring-boot-starter-logging-2.7.15.jar:/Users/b0211000/.m2/repository/ch/qos/logback/logback-classic/1.2.12/logback-classic-1.2.12.jar:/Users/b0211000/.m2/repository/ch/qos/logback/logback-core/1.2.12/logback-core-1.2.12.jar:/Users/b0211000/.m2/repository/org/apache/logging/log4j/log4j-to-slf4j/2.17.2/log4j-to-slf4j-2.17.2.jar:/Users/b0211000/.m2/repository/org/apache/logging/log4j/log4j-api/2.17.2/log4j-api-2.17.2.jar:/Users/b0211000/.m2/repository/org/slf4j/jul-to-slf4j/1.7.36/jul-to-slf4j-1.7.36.jar:/Users/b0211000/.m2/repository/jakarta/annotation/jakarta.annotation-api/1.3.5/jakarta.annotation-api-1.3.5.jar:/Users/b0211000/.m2/repository/org/yaml/snakeyaml/1.30/snakeyaml-1.30.jar:/Users/b0211000/.m2/repository/io/projectreactor/reactor-core/3.4.32/reactor-core-3.4.32.jar:/Users/b0211000/.m2/repository/org/reactivestreams/reactive-streams/1.0.4/reactive-streams-1.0.4.jar:/Users/b0211000/.m2/repository/org/mongodb/mongodb-driver-reactivestreams/4.6.1/mongodb-driver-reactivestreams-4.6.1.jar:/Users/b0211000/.m2/repository/org/mongodb/bson/4.6.1/bson-4.6.1.jar:/Users/b0211000/.m2/repository/org/mongodb/mongodb-driver-core/4.6.1/mongodb-driver-core-4.6.1.jar:/Users/b0211000/.m2/repository/org/mongodb/bson-record-codec/4.6.1/bson-record-codec-4.6.1.jar:/Users/b0211000/.m2/repository/org/springframework/data/spring-data-mongodb/3.4.15/spring-data-mongodb-3.4.15.jar:/Users/b0211000/.m2/repository/org/springframework/spring-tx/5.3.29/spring-tx-5.3.29.jar:/Users/b0211000/.m2/repository/org/springframework/spring-context/5.3.29/spring-context-5.3.29.jar:/Users/b0211000/.m2/repository/org/springframework/spring-aop/5.3.29/spring-aop-5.3.29.jar:/Users/b0211000/.m2/repository/org/springframework/spring-beans/5.3.29/spring-beans-5.3.29.jar:/Users/b0211000/.m2/repository/org/springframework/spring-expression/5.3.29/spring-expression-5.3.29.jar:/Users/b0211000/.m2/repository/org/springframework/data/spring-data-commons/2.7.15/spring-data-commons-2.7.15.jar:/Users/b0211000/.m2/repository/org/slf4j/slf4j-api/1.7.36/slf4j-api-1.7.36.jar:/Users/b0211000/.m2/repository/org/springframework/boot/spring-boot-starter-webflux/2.7.15/spring-boot-starter-webflux-2.7.15.jar:/Users/b0211000/.m2/repository/org/springframework/boot/spring-boot-starter-json/2.7.15/spring-boot-starter-json-2.7.15.jar:/Users/b0211000/.m2/repository/com/fasterxml/jackson/core/jackson-databind/2.13.5/jackson-databind-2.13.5.jar:/Users/b0211000/.m2/repository/com/fasterxml/jackson/core/jackson-annotations/2.13.5/jackson-annotations-2.13.5.jar:/Users/b0211000/.m2/repository/com/fasterxml/jackson/core/jackson-core/2.13.5/jackson-core-2.13.5.jar:/Users/b0211000/.m2/repository/com/fasterxml/jackson/datatype/jackson-datatype-jdk8/2.13.5/jackson-datatype-jdk8-2.13.5.jar:/Users/b0211000/.m2/repository/com/fasterxml/jackson/datatype/jackson-datatype-jsr310/2.13.5/jackson-datatype-jsr310-2.13.5.jar:/Users/b0211000/.m2/repository/com/fasterxml/jackson/module/jackson-module-parameter-names/2.13.5/jackson-module-parameter-names-2.13.5.jar:/Users/b0211000/.m2/repository/org/springframework/boot/spring-boot-starter-reactor-netty/2.7.15/spring-boot-starter-reactor-netty-2.7.15.jar:/Users/b0211000/.m2/repository/io/projectreactor/netty/reactor-netty-http/1.0.35/reactor-netty-http-1.0.35.jar:/Users/b0211000/.m2/repository/io/netty/netty-codec-http/4.1.97.Final/netty-codec-http-4.1.97.Final.jar:/Users/b0211000/.m2/repository/io/netty/netty-common/4.1.97.Final/netty-common-4.1.97.Final.jar:/Users/b0211000/.m2/repository/io/netty/netty-buffer/4.1.97.Final/netty-buffer-4.1.97.Final.jar:/Users/b0211000/.m2/repository/io/netty/netty-transport/4.1.97.Final/netty-transport-4.1.97.Final.jar:/Users/b0211000/.m2/repository/io/netty/netty-codec/4.1.97.Final/netty-codec-4.1.97.Final.jar:/Users/b0211000/.m2/repository/io/netty/netty-handler/4.1.97.Final/netty-handler-4.1.97.Final.jar:/Users/b0211000/.m2/repository/io/netty/netty-codec-http2/4.1.97.Final/netty-codec-http2-4.1.97.Final.jar:/Users/b0211000/.m2/repository/io/netty/netty-resolver-dns/4.1.97.Final/netty-resolver-dns-4.1.97.Final.jar:/Users/b0211000/.m2/repository/io/netty/netty-resolver/4.1.97.Final/netty-resolver-4.1.97.Final.jar:/Users/b0211000/.m2/repository/io/netty/netty-codec-dns/4.1.97.Final/netty-codec-dns-4.1.97.Final.jar:/Users/b0211000/.m2/repository/io/netty/netty-resolver-dns-native-macos/4.1.97.Final/netty-resolver-dns-native-macos-4.1.97.Final-osx-x86_64.jar:/Users/b0211000/.m2/repository/io/netty/netty-resolver-dns-classes-macos/4.1.97.Final/netty-resolver-dns-classes-macos-4.1.97.Final.jar:/Users/b0211000/.m2/repository/io/netty/netty-transport-native-epoll/4.1.97.Final/netty-transport-native-epoll-4.1.97.Final-linux-x86_64.jar:/Users/b0211000/.m2/repository/io/netty/netty-transport-native-unix-common/4.1.97.Final/netty-transport-native-unix-common-4.1.97.Final.jar:/Users/b0211000/.m2/repository/io/netty/netty-transport-classes-epoll/4.1.97.Final/netty-transport-classes-epoll-4.1.97.Final.jar:/Users/b0211000/.m2/repository/io/projectreactor/netty/reactor-netty-core/1.0.35/reactor-netty-core-1.0.35.jar:/Users/b0211000/.m2/repository/io/netty/netty-handler-proxy/4.1.97.Final/netty-handler-proxy-4.1.97.Final.jar:/Users/b0211000/.m2/repository/io/netty/netty-codec-socks/4.1.97.Final/netty-codec-socks-4.1.97.Final.jar:/Users/b0211000/.m2/repository/org/springframework/spring-web/5.3.29/spring-web-5.3.29.jar:/Users/b0211000/.m2/repository/org/springframework/spring-webflux/5.3.29/spring-webflux-5.3.29.jar:/Users/b0211000/.m2/repository/org/projectlombok/lombok/1.18.28/lombok-1.18.28.jar:/Users/b0211000/.m2/repository/org/springframework/boot/spring-boot-starter-test/2.7.15/spring-boot-starter-test-2.7.15.jar:/Users/b0211000/.m2/repository/org/springframework/boot/spring-boot-test/2.7.15/spring-boot-test-2.7.15.jar:/Users/b0211000/.m2/repository/org/springframework/boot/spring-boot-test-autoconfigure/2.7.15/spring-boot-test-autoconfigure-2.7.15.jar:/Users/b0211000/.m2/repository/com/jayway/jsonpath/json-path/2.7.0/json-path-2.7.0.jar:/Users/b0211000/.m2/repository/net/minidev/json-smart/2.4.11/json-smart-2.4.11.jar:/Users/b0211000/.m2/repository/net/minidev/accessors-smart/2.4.11/accessors-smart-2.4.11.jar:/Users/b0211000/.m2/repository/org/ow2/asm/asm/9.3/asm-9.3.jar:/Users/b0211000/.m2/repository/jakarta/xml/bind/jakarta.xml.bind-api/2.3.3/jakarta.xml.bind-api-2.3.3.jar:/Users/b0211000/.m2/repository/jakarta/activation/jakarta.activation-api/1.2.2/jakarta.activation-api-1.2.2.jar:/Users/b0211000/.m2/repository/org/assertj/assertj-core/3.22.0/assertj-core-3.22.0.jar:/Users/b0211000/.m2/repository/org/hamcrest/hamcrest/2.2/hamcrest-2.2.jar:/Users/b0211000/.m2/repository/org/junit/jupiter/junit-jupiter/5.8.2/junit-jupiter-5.8.2.jar:/Users/b0211000/.m2/repository/org/junit/jupiter/junit-jupiter-api/5.8.2/junit-jupiter-api-5.8.2.jar:/Users/b0211000/.m2/repository/org/opentest4j/opentest4j/1.2.0/opentest4j-1.2.0.jar:/Users/b0211000/.m2/repository/org/junit/platform/junit-platform-commons/1.8.2/junit-platform-commons-1.8.2.jar:/Users/b0211000/.m2/repository/org/apiguardian/apiguardian-api/1.1.2/apiguardian-api-1.1.2.jar:/Users/b0211000/.m2/repository/org/junit/jupiter/junit-jupiter-params/5.8.2/junit-jupiter-params-5.8.2.jar:/Users/b0211000/.m2/repository/org/junit/jupiter/junit-jupiter-engine/5.8.2/junit-jupiter-engine-5.8.2.jar:/Users/b0211000/.m2/repository/org/junit/platform/junit-platform-engine/1.8.2/junit-platform-engine-1.8.2.jar:/Users/b0211000/.m2/repository/org/mockito/mockito-core/4.5.1/mockito-core-4.5.1.jar:/Users/b0211000/.m2/repository/net/bytebuddy/byte-buddy/1.12.23/byte-buddy-1.12.23.jar:/Users/b0211000/.m2/repository/net/bytebuddy/byte-buddy-agent/1.12.23/byte-buddy-agent-1.12.23.jar:/Users/b0211000/.m2/repository/org/objenesis/objenesis/3.2/objenesis-3.2.jar:/Users/b0211000/.m2/repository/org/mockito/mockito-junit-jupiter/4.5.1/mockito-junit-jupiter-4.5.1.jar:/Users/b0211000/.m2/repository/org/skyscreamer/jsonassert/1.5.1/jsonassert-1.5.1.jar:/Users/b0211000/.m2/repository/com/vaadin/external/google/android-json/0.0.20131108.vaadin1/android-json-0.0.20131108.vaadin1.jar:/Users/b0211000/.m2/repository/org/springframework/spring-core/5.3.29/spring-core-5.3.29.jar:/Users/b0211000/.m2/repository/org/springframework/spring-jcl/5.3.29/spring-jcl-5.3.29.jar:/Users/b0211000/.m2/repository/org/springframework/spring-test/5.3.29/spring-test-5.3.29.jar:/Users/b0211000/.m2/repository/org/xmlunit/xmlunit-core/2.9.1/xmlunit-core-2.9.1.jar:/Users/b0211000/.m2/repository/io/projectreactor/reactor-test/3.4.32/reactor-test-3.4.32.jar:"/>
    <property name="https.proxyPort" value="4145"/>
    <property name="java.vm.vendor" value="Oracle Corporation"/>
    <property name="sun.arch.data.model" value="64"/>
    <property name="java.vendor.url" value="https://java.oracle.com/"/>
    <property name="os.name" value="Mac OS X"/>
    <property name="java.vm.specification.version" value="20"/>
    <property name="sun.java.launcher" value="SUN_STANDARD"/>
    <property name="user.country" value="GB"/>
    <property name="sun.boot.library.path" value="/Library/Java/JavaVirtualMachines/jdk-20.jdk/Contents/Home/lib"/>
    <property name="sun.java.command" value="/Users/b0211000/Desktop/SpringWebFluxTut/webfluxTut/target/surefire/surefirebooter9689525477705742974.jar /Users/b0211000/Desktop/SpringWebFluxTut/webfluxTut/target/surefire 2023-09-06T12-28-09_858-jvmRun1 surefire2662857277416924613tmp surefire_017510099903727195176tmp"/>
    <property name="http.nonProxyHosts" value="local|*.local|169.254/16|*.169.254/16"/>
    <property name="jdk.debug" value="release"/>
    <property name="surefire.test.class.path" value="/Users/b0211000/Desktop/SpringWebFluxTut/webfluxTut/target/test-classes:/Users/b0211000/Desktop/SpringWebFluxTut/webfluxTut/target/classes:/Users/b0211000/.m2/repository/org/springframework/boot/spring-boot-starter-data-mongodb-reactive/2.7.15/spring-boot-starter-data-mongodb-reactive-2.7.15.jar:/Users/b0211000/.m2/repository/org/springframework/boot/spring-boot-starter/2.7.15/spring-boot-starter-2.7.15.jar:/Users/b0211000/.m2/repository/org/springframework/boot/spring-boot/2.7.15/spring-boot-2.7.15.jar:/Users/b0211000/.m2/repository/org/springframework/boot/spring-boot-autoconfigure/2.7.15/spring-boot-autoconfigure-2.7.15.jar:/Users/b0211000/.m2/repository/org/springframework/boot/spring-boot-starter-logging/2.7.15/spring-boot-starter-logging-2.7.15.jar:/Users/b0211000/.m2/repository/ch/qos/logback/logback-classic/1.2.12/logback-classic-1.2.12.jar:/Users/b0211000/.m2/repository/ch/qos/logback/logback-core/1.2.12/logback-core-1.2.12.jar:/Users/b0211000/.m2/repository/org/apache/logging/log4j/log4j-to-slf4j/2.17.2/log4j-to-slf4j-2.17.2.jar:/Users/b0211000/.m2/repository/org/apache/logging/log4j/log4j-api/2.17.2/log4j-api-2.17.2.jar:/Users/b0211000/.m2/repository/org/slf4j/jul-to-slf4j/1.7.36/jul-to-slf4j-1.7.36.jar:/Users/b0211000/.m2/repository/jakarta/annotation/jakarta.annotation-api/1.3.5/jakarta.annotation-api-1.3.5.jar:/Users/b0211000/.m2/repository/org/yaml/snakeyaml/1.30/snakeyaml-1.30.jar:/Users/b0211000/.m2/repository/io/projectreactor/reactor-core/3.4.32/reactor-core-3.4.32.jar:/Users/b0211000/.m2/repository/org/reactivestreams/reactive-streams/1.0.4/reactive-streams-1.0.4.jar:/Users/b0211000/.m2/repository/org/mongodb/mongodb-driver-reactivestreams/4.6.1/mongodb-driver-reactivestreams-4.6.1.jar:/Users/b0211000/.m2/repository/org/mongodb/bson/4.6.1/bson-4.6.1.jar:/Users/b0211000/.m2/repository/org/mongodb/mongodb-driver-core/4.6.1/mongodb-driver-core-4.6.1.jar:/Users/b0211000/.m2/repository/org/mongodb/bson-record-codec/4.6.1/bson-record-codec-4.6.1.jar:/Users/b0211000/.m2/repository/org/springframework/data/spring-data-mongodb/3.4.15/spring-data-mongodb-3.4.15.jar:/Users/b0211000/.m2/repository/org/springframework/spring-tx/5.3.29/spring-tx-5.3.29.jar:/Users/b0211000/.m2/repository/org/springframework/spring-context/5.3.29/spring-context-5.3.29.jar:/Users/b0211000/.m2/repository/org/springframework/spring-aop/5.3.29/spring-aop-5.3.29.jar:/Users/b0211000/.m2/repository/org/springframework/spring-beans/5.3.29/spring-beans-5.3.29.jar:/Users/b0211000/.m2/repository/org/springframework/spring-expression/5.3.29/spring-expression-5.3.29.jar:/Users/b0211000/.m2/repository/org/springframework/data/spring-data-commons/2.7.15/spring-data-commons-2.7.15.jar:/Users/b0211000/.m2/repository/org/slf4j/slf4j-api/1.7.36/slf4j-api-1.7.36.jar:/Users/b0211000/.m2/repository/org/springframework/boot/spring-boot-starter-webflux/2.7.15/spring-boot-starter-webflux-2.7.15.jar:/Users/b0211000/.m2/repository/org/springframework/boot/spring-boot-starter-json/2.7.15/spring-boot-starter-json-2.7.15.jar:/Users/b0211000/.m2/repository/com/fasterxml/jackson/core/jackson-databind/2.13.5/jackson-databind-2.13.5.jar:/Users/b0211000/.m2/repository/com/fasterxml/jackson/core/jackson-annotations/2.13.5/jackson-annotations-2.13.5.jar:/Users/b0211000/.m2/repository/com/fasterxml/jackson/core/jackson-core/2.13.5/jackson-core-2.13.5.jar:/Users/b0211000/.m2/repository/com/fasterxml/jackson/datatype/jackson-datatype-jdk8/2.13.5/jackson-datatype-jdk8-2.13.5.jar:/Users/b0211000/.m2/repository/com/fasterxml/jackson/datatype/jackson-datatype-jsr310/2.13.5/jackson-datatype-jsr310-2.13.5.jar:/Users/b0211000/.m2/repository/com/fasterxml/jackson/module/jackson-module-parameter-names/2.13.5/jackson-module-parameter-names-2.13.5.jar:/Users/b0211000/.m2/repository/org/springframework/boot/spring-boot-starter-reactor-netty/2.7.15/spring-boot-starter-reactor-netty-2.7.15.jar:/Users/b0211000/.m2/repository/io/projectreactor/netty/reactor-netty-http/1.0.35/reactor-netty-http-1.0.35.jar:/Users/b0211000/.m2/repository/io/netty/netty-codec-http/4.1.97.Final/netty-codec-http-4.1.97.Final.jar:/Users/b0211000/.m2/repository/io/netty/netty-common/4.1.97.Final/netty-common-4.1.97.Final.jar:/Users/b0211000/.m2/repository/io/netty/netty-buffer/4.1.97.Final/netty-buffer-4.1.97.Final.jar:/Users/b0211000/.m2/repository/io/netty/netty-transport/4.1.97.Final/netty-transport-4.1.97.Final.jar:/Users/b0211000/.m2/repository/io/netty/netty-codec/4.1.97.Final/netty-codec-4.1.97.Final.jar:/Users/b0211000/.m2/repository/io/netty/netty-handler/4.1.97.Final/netty-handler-4.1.97.Final.jar:/Users/b0211000/.m2/repository/io/netty/netty-codec-http2/4.1.97.Final/netty-codec-http2-4.1.97.Final.jar:/Users/b0211000/.m2/repository/io/netty/netty-resolver-dns/4.1.97.Final/netty-resolver-dns-4.1.97.Final.jar:/Users/b0211000/.m2/repository/io/netty/netty-resolver/4.1.97.Final/netty-resolver-4.1.97.Final.jar:/Users/b0211000/.m2/repository/io/netty/netty-codec-dns/4.1.97.Final/netty-codec-dns-4.1.97.Final.jar:/Users/b0211000/.m2/repository/io/netty/netty-resolver-dns-native-macos/4.1.97.Final/netty-resolver-dns-native-macos-4.1.97.Final-osx-x86_64.jar:/Users/b0211000/.m2/repository/io/netty/netty-resolver-dns-classes-macos/4.1.97.Final/netty-resolver-dns-classes-macos-4.1.97.Final.jar:/Users/b0211000/.m2/repository/io/netty/netty-transport-native-epoll/4.1.97.Final/netty-transport-native-epoll-4.1.97.Final-linux-x86_64.jar:/Users/b0211000/.m2/repository/io/netty/netty-transport-native-unix-common/4.1.97.Final/netty-transport-native-unix-common-4.1.97.Final.jar:/Users/b0211000/.m2/repository/io/netty/netty-transport-classes-epoll/4.1.97.Final/netty-transport-classes-epoll-4.1.97.Final.jar:/Users/b0211000/.m2/repository/io/projectreactor/netty/reactor-netty-core/1.0.35/reactor-netty-core-1.0.35.jar:/Users/b0211000/.m2/repository/io/netty/netty-handler-proxy/4.1.97.Final/netty-handler-proxy-4.1.97.Final.jar:/Users/b0211000/.m2/repository/io/netty/netty-codec-socks/4.1.97.Final/netty-codec-socks-4.1.97.Final.jar:/Users/b0211000/.m2/repository/org/springframework/spring-web/5.3.29/spring-web-5.3.29.jar:/Users/b0211000/.m2/repository/org/springframework/spring-webflux/5.3.29/spring-webflux-5.3.29.jar:/Users/b0211000/.m2/repository/org/projectlombok/lombok/1.18.28/lombok-1.18.28.jar:/Users/b0211000/.m2/repository/org/springframework/boot/spring-boot-starter-test/2.7.15/spring-boot-starter-test-2.7.15.jar:/Users/b0211000/.m2/repository/org/springframework/boot/spring-boot-test/2.7.15/spring-boot-test-2.7.15.jar:/Users/b0211000/.m2/repository/org/springframework/boot/spring-boot-test-autoconfigure/2.7.15/spring-boot-test-autoconfigure-2.7.15.jar:/Users/b0211000/.m2/repository/com/jayway/jsonpath/json-path/2.7.0/json-path-2.7.0.jar:/Users/b0211000/.m2/repository/net/minidev/json-smart/2.4.11/json-smart-2.4.11.jar:/Users/b0211000/.m2/repository/net/minidev/accessors-smart/2.4.11/accessors-smart-2.4.11.jar:/Users/b0211000/.m2/repository/org/ow2/asm/asm/9.3/asm-9.3.jar:/Users/b0211000/.m2/repository/jakarta/xml/bind/jakarta.xml.bind-api/2.3.3/jakarta.xml.bind-api-2.3.3.jar:/Users/b0211000/.m2/repository/jakarta/activation/jakarta.activation-api/1.2.2/jakarta.activation-api-1.2.2.jar:/Users/b0211000/.m2/repository/org/assertj/assertj-core/3.22.0/assertj-core-3.22.0.jar:/Users/b0211000/.m2/repository/org/hamcrest/hamcrest/2.2/hamcrest-2.2.jar:/Users/b0211000/.m2/repository/org/junit/jupiter/junit-jupiter/5.8.2/junit-jupiter-5.8.2.jar:/Users/b0211000/.m2/repository/org/junit/jupiter/junit-jupiter-api/5.8.2/junit-jupiter-api-5.8.2.jar:/Users/b0211000/.m2/repository/org/opentest4j/opentest4j/1.2.0/opentest4j-1.2.0.jar:/Users/b0211000/.m2/repository/org/junit/platform/junit-platform-commons/1.8.2/junit-platform-commons-1.8.2.jar:/Users/b0211000/.m2/repository/org/apiguardian/apiguardian-api/1.1.2/apiguardian-api-1.1.2.jar:/Users/b0211000/.m2/repository/org/junit/jupiter/junit-jupiter-params/5.8.2/junit-jupiter-params-5.8.2.jar:/Users/b0211000/.m2/repository/org/junit/jupiter/junit-jupiter-engine/5.8.2/junit-jupiter-engine-5.8.2.jar:/Users/b0211000/.m2/repository/org/junit/platform/junit-platform-engine/1.8.2/junit-platform-engine-1.8.2.jar:/Users/b0211000/.m2/repository/org/mockito/mockito-core/4.5.1/mockito-core-4.5.1.jar:/Users/b0211000/.m2/repository/net/bytebuddy/byte-buddy/1.12.23/byte-buddy-1.12.23.jar:/Users/b0211000/.m2/repository/net/bytebuddy/byte-buddy-agent/1.12.23/byte-buddy-agent-1.12.23.jar:/Users/b0211000/.m2/repository/org/objenesis/objenesis/3.2/objenesis-3.2.jar:/Users/b0211000/.m2/repository/org/mockito/mockito-junit-jupiter/4.5.1/mockito-junit-jupiter-4.5.1.jar:/Users/b0211000/.m2/repository/org/skyscreamer/jsonassert/1.5.1/jsonassert-1.5.1.jar:/Users/b0211000/.m2/repository/com/vaadin/external/google/android-json/0.0.20131108.vaadin1/android-json-0.0.20131108.vaadin1.jar:/Users/b0211000/.m2/repository/org/springframework/spring-core/5.3.29/spring-core-5.3.29.jar:/Users/b0211000/.m2/repository/org/springframework/spring-jcl/5.3.29/spring-jcl-5.3.29.jar:/Users/b0211000/.m2/repository/org/springframework/spring-test/5.3.29/spring-test-5.3.29.jar:/Users/b0211000/.m2/repository/org/xmlunit/xmlunit-core/2.9.1/xmlunit-core-2.9.1.jar:/Users/b0211000/.m2/repository/io/projectreactor/reactor-test/3.4.32/reactor-test-3.4.32.jar:"/>
    <property name="sun.cpu.endian" value="little"/>
    <property name="user.home" value="/Users/b0211000"/>
    <property name="user.language" value="en"/>
    <property name="java.specification.vendor" value="Oracle Corporation"/>
    <property name="java.version.date" value="2023-07-18"/>
    <property name="java.home" value="/Library/Java/JavaVirtualMachines/jdk-20.jdk/Contents/Home"/>
    <property name="file.separator" value="/"/>
    <property name="https.proxyHost" value="airtelproxy.airtel.com"/>
    <property name="basedir" value="/Users/b0211000/Desktop/SpringWebFluxTut/webfluxTut"/>
    <property name="java.vm.compressedOopsMode" value="Zero based"/>
    <property name="line.separator" value="&#10;"/>
    <property name="java.vm.specification.vendor" value="Oracle Corporation"/>
    <property name="java.specification.name" value="Java Platform API Specification"/>
    <property name="apple.awt.application.name" value="ForkedBooter"/>
    <property name="surefire.real.class.path" value="/Users/b0211000/Desktop/SpringWebFluxTut/webfluxTut/target/surefire/surefirebooter9689525477705742974.jar"/>
    <property name="sun.management.compiler" value="HotSpot 64-Bit Tiered Compilers"/>
    <property name="ftp.nonProxyHosts" value="local|*.local|169.254/16|*.169.254/16"/>
    <property name="java.runtime.version" value="20.0.2+9-78"/>
    <property name="user.name" value="b0211000"/>
    <property name="stdout.encoding" value="UTF-8"/>
    <property name="path.separator" value=":"/>
    <property name="os.version" value="12.6.7"/>
    <property name="java.runtime.name" value="Java(TM) SE Runtime Environment"/>
    <property name="file.encoding" value="UTF-8"/>
    <property name="java.vm.name" value="Java HotSpot(TM) 64-Bit Server VM"/>
    <property name="localRepository" value="/Users/b0211000/.m2/repository"/>
    <property name="java.vendor.url.bug" value="https://bugreport.java.com/bugreport/"/>
    <property name="java.io.tmpdir" value="/var/folders/28/xb2xx0cx4yl170k_hdzskhcm0000gp/T/"/>
    <property name="java.version" value="20.0.2"/>
    <property name="user.dir" value="/Users/b0211000/Desktop/SpringWebFluxTut/webfluxTut"/>
    <property name="os.arch" value="x86_64"/>
    <property name="java.vm.specification.name" value="Java Virtual Machine Specification"/>
    <property name="native.encoding" value="UTF-8"/>
    <property name="java.library.path" value="/Users/b0211000/Library/Java/Extensions:/Library/Java/Extensions:/Network/Library/Java/Extensions:/System/Library/Java/Extensions:/usr/lib/java:."/>
    <property name="java.vm.info" value="mixed mode, sharing"/>
    <property name="stderr.encoding" value="UTF-8"/>
    <property name="java.vendor" value="Oracle Corporation"/>
    <property name="java.vm.version" value="20.0.2+9-78"/>
    <property name="sun.io.unicode.encoding" value="UnicodeBig"/>
    <property name="socksNonProxyHosts" value="local|*.local|169.254/16|*.169.254/16"/>
    <property name="java.class.version" value="64.0"/>
    <property name="http.proxyPort" value="4145"/>
  </properties>
  <testcase name="contextLoads" classname="com.example.webfluxTut.WebfluxTutApplicationTests" time="0.385"/>
</testsuite>